[0.701s] Invoking command in '/home/hu/ros2_ws/wit_imu_ros2/src/wit_ros2_imu': DEBUGINFOD_URLS=https://debuginfod.ubuntu.com PYTHONPATH=/home/hu/ros2_ws/wit_imu_ros2/build/wit_ros2_imu/prefix_override:/usr/lib/python3/dist-packages/colcon_core/task/python/colcon_distutils_commands:/home/hu/ros2_ws/wit_imu_ros2/install/wit_ros2_imu/lib/python3.12/site-packages:${PYTHONPATH} /usr/bin/python3 -W ignore:setup.py install is deprecated -W ignore:easy_install command is deprecated setup.py egg_info --egg-base ../../build/wit_ros2_imu build --build-base /home/hu/ros2_ws/wit_imu_ros2/build/wit_ros2_imu/build install --record /home/hu/ros2_ws/wit_imu_ros2/build/wit_ros2_imu/install.log --install-scripts $base/lib/wit_ros2_imu --single-version-externally-managed install_data
[0.807s] /usr/lib/python3/dist-packages/setuptools/dist.py:744: SetuptoolsDeprecationWarning: Invalid dash-separated options
[0.807s] !!
[0.807s] 
[0.807s]         ********************************************************************************
[0.807s]         Usage of dash-separated 'script-dir' will not be supported in future
[0.807s]         versions. Please use the underscore name 'script_dir' instead.
[0.807s] 
[0.807s]         This deprecation is overdue, please update your project and remove deprecated
[0.808s]         calls to avoid build errors in the future.
[0.808s] 
[0.808s]         See https://setuptools.pypa.io/en/latest/userguide/declarative_config.html for details.
[0.808s]         ********************************************************************************
[0.808s] 
[0.808s] !!
[0.808s]   opt = self.warn_dash_deprecation(opt, section)
[0.937s] running egg_info
[0.956s] writing ../../build/wit_ros2_imu/wit_ros2_imu.egg-info/PKG-INFO
[0.956s] writing dependency_links to ../../build/wit_ros2_imu/wit_ros2_imu.egg-info/dependency_links.txt
[0.956s] writing entry points to ../../build/wit_ros2_imu/wit_ros2_imu.egg-info/entry_points.txt
[0.956s] writing requirements to ../../build/wit_ros2_imu/wit_ros2_imu.egg-info/requires.txt
[0.956s] writing top-level names to ../../build/wit_ros2_imu/wit_ros2_imu.egg-info/top_level.txt
[0.992s] reading manifest file '../../build/wit_ros2_imu/wit_ros2_imu.egg-info/SOURCES.txt'
[0.992s] writing manifest file '../../build/wit_ros2_imu/wit_ros2_imu.egg-info/SOURCES.txt'
[0.993s] running build
[0.993s] running build_py
[0.993s] copying wit_ros2_imu/wit_ros2_imu.py -> /home/hu/ros2_ws/wit_imu_ros2/build/wit_ros2_imu/build/lib/wit_ros2_imu
[0.993s] running install
[0.998s] running install_lib
[1.017s] copying /home/hu/ros2_ws/wit_imu_ros2/build/wit_ros2_imu/build/lib/wit_ros2_imu/wit_ros2_imu.py -> /home/hu/ros2_ws/wit_imu_ros2/install/wit_ros2_imu/lib/python3.12/site-packages/wit_ros2_imu
[1.017s] byte-compiling /home/hu/ros2_ws/wit_imu_ros2/install/wit_ros2_imu/lib/python3.12/site-packages/wit_ros2_imu/wit_ros2_imu.py to wit_ros2_imu.cpython-312.pyc
[1.019s] running install_data
[1.019s] running install_egg_info
[1.038s] removing '/home/hu/ros2_ws/wit_imu_ros2/install/wit_ros2_imu/lib/python3.12/site-packages/wit_ros2_imu-0.0.0-py3.12.egg-info' (and everything under it)
[1.039s] Copying ../../build/wit_ros2_imu/wit_ros2_imu.egg-info to /home/hu/ros2_ws/wit_imu_ros2/install/wit_ros2_imu/lib/python3.12/site-packages/wit_ros2_imu-0.0.0-py3.12.egg-info
[1.039s] running install_scripts
[1.161s] Installing wit_ros2_imu script to /home/hu/ros2_ws/wit_imu_ros2/install/wit_ros2_imu/lib/wit_ros2_imu
[1.161s] writing list of installed files to '/home/hu/ros2_ws/wit_imu_ros2/build/wit_ros2_imu/install.log'
[1.183s] Invoked command in '/home/hu/ros2_ws/wit_imu_ros2/src/wit_ros2_imu' returned '0': DEBUGINFOD_URLS=https://debuginfod.ubuntu.com PYTHONPATH=/home/hu/ros2_ws/wit_imu_ros2/build/wit_ros2_imu/prefix_override:/usr/lib/python3/dist-packages/colcon_core/task/python/colcon_distutils_commands:/home/hu/ros2_ws/wit_imu_ros2/install/wit_ros2_imu/lib/python3.12/site-packages:${PYTHONPATH} /usr/bin/python3 -W ignore:setup.py install is deprecated -W ignore:easy_install command is deprecated setup.py egg_info --egg-base ../../build/wit_ros2_imu build --build-base /home/hu/ros2_ws/wit_imu_ros2/build/wit_ros2_imu/build install --record /home/hu/ros2_ws/wit_imu_ros2/build/wit_ros2_imu/install.log --install-scripts $base/lib/wit_ros2_imu --single-version-externally-managed install_data
