/usr/lib/python3/dist-packages/setuptools/dist.py:744: SetuptoolsDeprecationWarning: Invalid dash-separated options
!!

        ********************************************************************************
        Usage of dash-separated 'script-dir' will not be supported in future
        versions. Please use the underscore name 'script_dir' instead.

        This deprecation is overdue, please update your project and remove deprecated
        calls to avoid build errors in the future.

        See https://setuptools.pypa.io/en/latest/userguide/declarative_config.html for details.
        ********************************************************************************

!!
  opt = self.warn_dash_deprecation(opt, section)
running egg_info
creating ../../build/wit_ros2_imu/wit_ros2_imu.egg-info
writing ../../build/wit_ros2_imu/wit_ros2_imu.egg-info/PKG-INFO
writing dependency_links to ../../build/wit_ros2_imu/wit_ros2_imu.egg-info/dependency_links.txt
writing entry points to ../../build/wit_ros2_imu/wit_ros2_imu.egg-info/entry_points.txt
writing requirements to ../../build/wit_ros2_imu/wit_ros2_imu.egg-info/requires.txt
writing top-level names to ../../build/wit_ros2_imu/wit_ros2_imu.egg-info/top_level.txt
writing manifest file '../../build/wit_ros2_imu/wit_ros2_imu.egg-info/SOURCES.txt'
reading manifest file '../../build/wit_ros2_imu/wit_ros2_imu.egg-info/SOURCES.txt'
writing manifest file '../../build/wit_ros2_imu/wit_ros2_imu.egg-info/SOURCES.txt'
running build
running build_py
creating /home/hu/ros2_ws/wit_imu_ros2/build/wit_ros2_imu/build
creating /home/hu/ros2_ws/wit_imu_ros2/build/wit_ros2_imu/build/lib
creating /home/hu/ros2_ws/wit_imu_ros2/build/wit_ros2_imu/build/lib/wit_ros2_imu
copying wit_ros2_imu/__init__.py -> /home/hu/ros2_ws/wit_imu_ros2/build/wit_ros2_imu/build/lib/wit_ros2_imu
copying wit_ros2_imu/wit_ros2_imu.py -> /home/hu/ros2_ws/wit_imu_ros2/build/wit_ros2_imu/build/lib/wit_ros2_imu
running install
running install_lib
creating /home/hu/ros2_ws/wit_imu_ros2/install/wit_ros2_imu/lib/python3.12/site-packages/wit_ros2_imu
copying /home/hu/ros2_ws/wit_imu_ros2/build/wit_ros2_imu/build/lib/wit_ros2_imu/__init__.py -> /home/hu/ros2_ws/wit_imu_ros2/install/wit_ros2_imu/lib/python3.12/site-packages/wit_ros2_imu
copying /home/hu/ros2_ws/wit_imu_ros2/build/wit_ros2_imu/build/lib/wit_ros2_imu/wit_ros2_imu.py -> /home/hu/ros2_ws/wit_imu_ros2/install/wit_ros2_imu/lib/python3.12/site-packages/wit_ros2_imu
byte-compiling /home/hu/ros2_ws/wit_imu_ros2/install/wit_ros2_imu/lib/python3.12/site-packages/wit_ros2_imu/__init__.py to __init__.cpython-312.pyc
byte-compiling /home/hu/ros2_ws/wit_imu_ros2/install/wit_ros2_imu/lib/python3.12/site-packages/wit_ros2_imu/wit_ros2_imu.py to wit_ros2_imu.cpython-312.pyc
running install_data
creating /home/hu/ros2_ws/wit_imu_ros2/install/wit_ros2_imu/share/ament_index
creating /home/hu/ros2_ws/wit_imu_ros2/install/wit_ros2_imu/share/ament_index/resource_index
creating /home/hu/ros2_ws/wit_imu_ros2/install/wit_ros2_imu/share/ament_index/resource_index/packages
copying resource/wit_ros2_imu -> /home/hu/ros2_ws/wit_imu_ros2/install/wit_ros2_imu/share/ament_index/resource_index/packages
copying package.xml -> /home/hu/ros2_ws/wit_imu_ros2/install/wit_ros2_imu/share/wit_ros2_imu
copying launch/rviz_and_imu.launch.py -> /home/hu/ros2_ws/wit_imu_ros2/install/wit_ros2_imu/share/wit_ros2_imu
running install_egg_info
Copying ../../build/wit_ros2_imu/wit_ros2_imu.egg-info to /home/hu/ros2_ws/wit_imu_ros2/install/wit_ros2_imu/lib/python3.12/site-packages/wit_ros2_imu-0.0.0-py3.12.egg-info
running install_scripts
Installing wit_ros2_imu script to /home/hu/ros2_ws/wit_imu_ros2/install/wit_ros2_imu/lib/wit_ros2_imu
writing list of installed files to '/home/hu/ros2_ws/wit_imu_ros2/build/wit_ros2_imu/install.log'
