[0.776s] Invoking command in '/home/hu/ros2_ws/wit_imu_ros2/src/wit_ros2_imu': DEBUGINFOD_URLS=https://debuginfod.ubuntu.com PYTHONPATH=/home/hu/ros2_ws/wit_imu_ros2/build/wit_ros2_imu/prefix_override:/usr/lib/python3/dist-packages/colcon_core/task/python/colcon_distutils_commands:/home/hu/ros2_ws/wit_imu_ros2/install/wit_ros2_imu/lib/python3.12/site-packages:${PYTHONPATH} /usr/bin/python3 -W ignore:setup.py install is deprecated -W ignore:easy_install command is deprecated setup.py egg_info --egg-base ../../build/wit_ros2_imu build --build-base /home/hu/ros2_ws/wit_imu_ros2/build/wit_ros2_imu/build install --record /home/hu/ros2_ws/wit_imu_ros2/build/wit_ros2_imu/install.log --install-scripts $base/lib/wit_ros2_imu --single-version-externally-managed install_data
[0.879s] /usr/lib/python3/dist-packages/setuptools/dist.py:744: SetuptoolsDeprecationWarning: Invalid dash-separated options
[0.879s] !!
[0.879s] 
[0.880s]         ********************************************************************************
[0.880s]         Usage of dash-separated 'script-dir' will not be supported in future
[0.880s]         versions. Please use the underscore name 'script_dir' instead.
[0.880s] 
[0.880s]         This deprecation is overdue, please update your project and remove deprecated
[0.880s]         calls to avoid build errors in the future.
[0.880s] 
[0.880s]         See https://setuptools.pypa.io/en/latest/userguide/declarative_config.html for details.
[0.880s]         ********************************************************************************
[0.880s] 
[0.880s] !!
[0.880s]   opt = self.warn_dash_deprecation(opt, section)
[1.002s] running egg_info
[1.003s] creating ../../build/wit_ros2_imu/wit_ros2_imu.egg-info
[1.020s] writing ../../build/wit_ros2_imu/wit_ros2_imu.egg-info/PKG-INFO
[1.021s] writing dependency_links to ../../build/wit_ros2_imu/wit_ros2_imu.egg-info/dependency_links.txt
[1.021s] writing entry points to ../../build/wit_ros2_imu/wit_ros2_imu.egg-info/entry_points.txt
[1.021s] writing requirements to ../../build/wit_ros2_imu/wit_ros2_imu.egg-info/requires.txt
[1.021s] writing top-level names to ../../build/wit_ros2_imu/wit_ros2_imu.egg-info/top_level.txt
[1.021s] writing manifest file '../../build/wit_ros2_imu/wit_ros2_imu.egg-info/SOURCES.txt'
[1.057s] reading manifest file '../../build/wit_ros2_imu/wit_ros2_imu.egg-info/SOURCES.txt'
[1.057s] writing manifest file '../../build/wit_ros2_imu/wit_ros2_imu.egg-info/SOURCES.txt'
[1.058s] running build
[1.058s] running build_py
[1.058s] creating /home/hu/ros2_ws/wit_imu_ros2/build/wit_ros2_imu/build
[1.058s] creating /home/hu/ros2_ws/wit_imu_ros2/build/wit_ros2_imu/build/lib
[1.058s] creating /home/hu/ros2_ws/wit_imu_ros2/build/wit_ros2_imu/build/lib/wit_ros2_imu
[1.058s] copying wit_ros2_imu/__init__.py -> /home/hu/ros2_ws/wit_imu_ros2/build/wit_ros2_imu/build/lib/wit_ros2_imu
[1.058s] copying wit_ros2_imu/wit_ros2_imu.py -> /home/hu/ros2_ws/wit_imu_ros2/build/wit_ros2_imu/build/lib/wit_ros2_imu
[1.058s] running install
[1.063s] running install_lib
[1.081s] creating /home/hu/ros2_ws/wit_imu_ros2/install/wit_ros2_imu/lib/python3.12/site-packages/wit_ros2_imu
[1.081s] copying /home/hu/ros2_ws/wit_imu_ros2/build/wit_ros2_imu/build/lib/wit_ros2_imu/__init__.py -> /home/hu/ros2_ws/wit_imu_ros2/install/wit_ros2_imu/lib/python3.12/site-packages/wit_ros2_imu
[1.081s] copying /home/hu/ros2_ws/wit_imu_ros2/build/wit_ros2_imu/build/lib/wit_ros2_imu/wit_ros2_imu.py -> /home/hu/ros2_ws/wit_imu_ros2/install/wit_ros2_imu/lib/python3.12/site-packages/wit_ros2_imu
[1.082s] byte-compiling /home/hu/ros2_ws/wit_imu_ros2/install/wit_ros2_imu/lib/python3.12/site-packages/wit_ros2_imu/__init__.py to __init__.cpython-312.pyc
[1.082s] byte-compiling /home/hu/ros2_ws/wit_imu_ros2/install/wit_ros2_imu/lib/python3.12/site-packages/wit_ros2_imu/wit_ros2_imu.py to wit_ros2_imu.cpython-312.pyc
[1.083s] running install_data
[1.084s] creating /home/hu/ros2_ws/wit_imu_ros2/install/wit_ros2_imu/share/ament_index
[1.084s] creating /home/hu/ros2_ws/wit_imu_ros2/install/wit_ros2_imu/share/ament_index/resource_index
[1.084s] creating /home/hu/ros2_ws/wit_imu_ros2/install/wit_ros2_imu/share/ament_index/resource_index/packages
[1.084s] copying resource/wit_ros2_imu -> /home/hu/ros2_ws/wit_imu_ros2/install/wit_ros2_imu/share/ament_index/resource_index/packages
[1.084s] copying package.xml -> /home/hu/ros2_ws/wit_imu_ros2/install/wit_ros2_imu/share/wit_ros2_imu
[1.084s] copying launch/rviz_and_imu.launch.py -> /home/hu/ros2_ws/wit_imu_ros2/install/wit_ros2_imu/share/wit_ros2_imu
[1.084s] running install_egg_info
[1.103s] Copying ../../build/wit_ros2_imu/wit_ros2_imu.egg-info to /home/hu/ros2_ws/wit_imu_ros2/install/wit_ros2_imu/lib/python3.12/site-packages/wit_ros2_imu-0.0.0-py3.12.egg-info
[1.104s] running install_scripts
[1.224s] Installing wit_ros2_imu script to /home/hu/ros2_ws/wit_imu_ros2/install/wit_ros2_imu/lib/wit_ros2_imu
[1.224s] writing list of installed files to '/home/hu/ros2_ws/wit_imu_ros2/build/wit_ros2_imu/install.log'
[1.252s] Invoked command in '/home/hu/ros2_ws/wit_imu_ros2/src/wit_ros2_imu' returned '0': DEBUGINFOD_URLS=https://debuginfod.ubuntu.com PYTHONPATH=/home/hu/ros2_ws/wit_imu_ros2/build/wit_ros2_imu/prefix_override:/usr/lib/python3/dist-packages/colcon_core/task/python/colcon_distutils_commands:/home/hu/ros2_ws/wit_imu_ros2/install/wit_ros2_imu/lib/python3.12/site-packages:${PYTHONPATH} /usr/bin/python3 -W ignore:setup.py install is deprecated -W ignore:easy_install command is deprecated setup.py egg_info --egg-base ../../build/wit_ros2_imu build --build-base /home/hu/ros2_ws/wit_imu_ros2/build/wit_ros2_imu/build install --record /home/hu/ros2_ws/wit_imu_ros2/build/wit_ros2_imu/install.log --install-scripts $base/lib/wit_ros2_imu --single-version-externally-managed install_data
