running egg_info
writing ../../build/wit_ros2_imu/wit_ros2_imu.egg-info/PKG-INFO
writing dependency_links to ../../build/wit_ros2_imu/wit_ros2_imu.egg-info/dependency_links.txt
writing entry points to ../../build/wit_ros2_imu/wit_ros2_imu.egg-info/entry_points.txt
writing requirements to ../../build/wit_ros2_imu/wit_ros2_imu.egg-info/requires.txt
writing top-level names to ../../build/wit_ros2_imu/wit_ros2_imu.egg-info/top_level.txt
reading manifest file '../../build/wit_ros2_imu/wit_ros2_imu.egg-info/SOURCES.txt'
writing manifest file '../../build/wit_ros2_imu/wit_ros2_imu.egg-info/SOURCES.txt'
running build
running build_py
copying wit_ros2_imu/wit_ros2_imu.py -> /home/hu/ros2_ws/wit_imu_ros2/build/wit_ros2_imu/build/lib/wit_ros2_imu
running install
running install_lib
copying /home/hu/ros2_ws/wit_imu_ros2/build/wit_ros2_imu/build/lib/wit_ros2_imu/wit_ros2_imu.py -> /home/hu/ros2_ws/wit_imu_ros2/install/wit_ros2_imu/lib/python3.12/site-packages/wit_ros2_imu
byte-compiling /home/hu/ros2_ws/wit_imu_ros2/install/wit_ros2_imu/lib/python3.12/site-packages/wit_ros2_imu/wit_ros2_imu.py to wit_ros2_imu.cpython-312.pyc
running install_data
running install_egg_info
removing '/home/hu/ros2_ws/wit_imu_ros2/install/wit_ros2_imu/lib/python3.12/site-packages/wit_ros2_imu-0.0.0-py3.12.egg-info' (and everything under it)
Copying ../../build/wit_ros2_imu/wit_ros2_imu.egg-info to /home/hu/ros2_ws/wit_imu_ros2/install/wit_ros2_imu/lib/python3.12/site-packages/wit_ros2_imu-0.0.0-py3.12.egg-info
running install_scripts
Installing wit_ros2_imu script to /home/hu/ros2_ws/wit_imu_ros2/install/wit_ros2_imu/lib/wit_ros2_imu
writing list of installed files to '/home/hu/ros2_ws/wit_imu_ros2/build/wit_ros2_imu/install.log'
